<?xml version="1.0" encoding="UTF-8"?>
<!-- Generated by org.testng.reporters.JUnitReportReporter -->
<testsuite hostname="NBEXB53X45" failures="0" tests="4" name="test.test2" time="103.770" errors="0" timestamp="26 jul. 2022 05:26:00 GMT" skipped="0">
  <testcase classname="test.test2" name="FilterLTH" time="16.796"/>
  <testcase classname="test.test2" name="removeFromCart" time="43.358"/>
  <testcase classname="test.test2" name="prodDetails" time="24.899"/>
  <testcase classname="test.test2" name="logOut" time="18.717"/>
</testsuite> <!-- test.test2 -->
